mode: set
github.eagleview.com/engineering/symphony-service/lambdas/calloutlambda/main.go:89.96,91.18 2 0
github.eagleview.com/engineering/symphony-service/lambdas/calloutlambda/main.go:146.2,146.12 1 0
github.eagleview.com/engineering/symphony-service/lambdas/calloutlambda/main.go:92.26,93.13 1 0
github.eagleview.com/engineering/symphony-service/lambdas/calloutlambda/main.go:94.23,96.17 2 0
github.eagleview.com/engineering/symphony-service/lambdas/calloutlambda/main.go:99.3,102.13 4 0
github.eagleview.com/engineering/symphony-service/lambdas/calloutlambda/main.go:103.25,106.26 3 0
github.eagleview.com/engineering/symphony-service/lambdas/calloutlambda/main.go:130.3,131.13 2 0
github.eagleview.com/engineering/symphony-service/lambdas/calloutlambda/main.go:132.24,134.17 2 0
github.eagleview.com/engineering/symphony-service/lambdas/calloutlambda/main.go:139.3,141.17 2 0
github.eagleview.com/engineering/symphony-service/lambdas/calloutlambda/main.go:144.3,144.51 1 0
github.eagleview.com/engineering/symphony-service/lambdas/calloutlambda/main.go:96.17,98.4 1 0
github.eagleview.com/engineering/symphony-service/lambdas/calloutlambda/main.go:107.35,112.18 4 0
github.eagleview.com/engineering/symphony-service/lambdas/calloutlambda/main.go:115.4,117.69 3 0
github.eagleview.com/engineering/symphony-service/lambdas/calloutlambda/main.go:119.29,124.19 4 0
github.eagleview.com/engineering/symphony-service/lambdas/calloutlambda/main.go:128.4,128.49 1 0
github.eagleview.com/engineering/symphony-service/lambdas/calloutlambda/main.go:112.18,114.5 1 0
github.eagleview.com/engineering/symphony-service/lambdas/calloutlambda/main.go:124.19,126.5 1 0
github.eagleview.com/engineering/symphony-service/lambdas/calloutlambda/main.go:134.17,137.4 2 0
github.eagleview.com/engineering/symphony-service/lambdas/calloutlambda/main.go:141.17,143.4 1 0
github.eagleview.com/engineering/symphony-service/lambdas/calloutlambda/main.go:149.63,150.81 1 0
github.eagleview.com/engineering/symphony-service/lambdas/calloutlambda/main.go:153.2,154.16 2 0
github.eagleview.com/engineering/symphony-service/lambdas/calloutlambda/main.go:157.2,157.28 1 0
github.eagleview.com/engineering/symphony-service/lambdas/calloutlambda/main.go:150.81,152.3 1 0
github.eagleview.com/engineering/symphony-service/lambdas/calloutlambda/main.go:154.16,156.3 1 0
github.eagleview.com/engineering/symphony-service/lambdas/calloutlambda/main.go:160.64,164.2 3 0
github.eagleview.com/engineering/symphony-service/lambdas/calloutlambda/main.go:165.148,167.16 2 0
github.eagleview.com/engineering/symphony-service/lambdas/calloutlambda/main.go:171.2,172.39 2 0
github.eagleview.com/engineering/symphony-service/lambdas/calloutlambda/main.go:175.2,178.20 4 0
github.eagleview.com/engineering/symphony-service/lambdas/calloutlambda/main.go:183.2,183.16 1 0
github.eagleview.com/engineering/symphony-service/lambdas/calloutlambda/main.go:187.2,189.16 3 0
github.eagleview.com/engineering/symphony-service/lambdas/calloutlambda/main.go:193.2,193.28 1 0
github.eagleview.com/engineering/symphony-service/lambdas/calloutlambda/main.go:197.2,197.39 1 0
github.eagleview.com/engineering/symphony-service/lambdas/calloutlambda/main.go:167.16,170.3 2 0
github.eagleview.com/engineering/symphony-service/lambdas/calloutlambda/main.go:172.39,174.3 1 0
github.eagleview.com/engineering/symphony-service/lambdas/calloutlambda/main.go:178.20,180.3 1 0
github.eagleview.com/engineering/symphony-service/lambdas/calloutlambda/main.go:180.8,182.3 1 0
github.eagleview.com/engineering/symphony-service/lambdas/calloutlambda/main.go:183.16,185.3 1 0
github.eagleview.com/engineering/symphony-service/lambdas/calloutlambda/main.go:189.16,191.3 1 0
github.eagleview.com/engineering/symphony-service/lambdas/calloutlambda/main.go:193.28,195.3 1 0
github.eagleview.com/engineering/symphony-service/lambdas/calloutlambda/main.go:200.122,203.20 3 0
github.eagleview.com/engineering/symphony-service/lambdas/calloutlambda/main.go:206.2,206.23 1 0
github.eagleview.com/engineering/symphony-service/lambdas/calloutlambda/main.go:211.2,214.16 3 0
github.eagleview.com/engineering/symphony-service/lambdas/calloutlambda/main.go:218.2,221.16 3 0
github.eagleview.com/engineering/symphony-service/lambdas/calloutlambda/main.go:226.2,226.28 1 0
github.eagleview.com/engineering/symphony-service/lambdas/calloutlambda/main.go:230.2,230.50 1 0
github.eagleview.com/engineering/symphony-service/lambdas/calloutlambda/main.go:203.20,205.3 1 0
github.eagleview.com/engineering/symphony-service/lambdas/calloutlambda/main.go:206.23,209.3 2 0
github.eagleview.com/engineering/symphony-service/lambdas/calloutlambda/main.go:214.16,217.3 2 0
github.eagleview.com/engineering/symphony-service/lambdas/calloutlambda/main.go:221.16,224.3 2 0
github.eagleview.com/engineering/symphony-service/lambdas/calloutlambda/main.go:226.28,228.3 1 0
github.eagleview.com/engineering/symphony-service/lambdas/calloutlambda/main.go:233.140,237.20 3 0
github.eagleview.com/engineering/symphony-service/lambdas/calloutlambda/main.go:246.2,246.16 1 0
github.eagleview.com/engineering/symphony-service/lambdas/calloutlambda/main.go:251.2,255.16 3 0
github.eagleview.com/engineering/symphony-service/lambdas/calloutlambda/main.go:258.2,258.28 1 0
github.eagleview.com/engineering/symphony-service/lambdas/calloutlambda/main.go:261.2,261.39 1 0
github.eagleview.com/engineering/symphony-service/lambdas/calloutlambda/main.go:238.18,239.75 1 0
github.eagleview.com/engineering/symphony-service/lambdas/calloutlambda/main.go:240.17,241.74 1 0
github.eagleview.com/engineering/symphony-service/lambdas/calloutlambda/main.go:242.20,243.51 1 0
github.eagleview.com/engineering/symphony-service/lambdas/calloutlambda/main.go:246.16,249.3 2 0
github.eagleview.com/engineering/symphony-service/lambdas/calloutlambda/main.go:255.16,257.3 1 0
github.eagleview.com/engineering/symphony-service/lambdas/calloutlambda/main.go:258.28,260.3 1 0
github.eagleview.com/engineering/symphony-service/lambdas/calloutlambda/main.go:264.96,267.25 3 0
github.eagleview.com/engineering/symphony-service/lambdas/calloutlambda/main.go:296.2,298.37 3 0
github.eagleview.com/engineering/symphony-service/lambdas/calloutlambda/main.go:268.34,273.17 5 0
github.eagleview.com/engineering/symphony-service/lambdas/calloutlambda/main.go:276.3,279.58 4 0
github.eagleview.com/engineering/symphony-service/lambdas/calloutlambda/main.go:281.28,288.18 6 0
github.eagleview.com/engineering/symphony-service/lambdas/calloutlambda/main.go:291.3,291.18 1 0
github.eagleview.com/engineering/symphony-service/lambdas/calloutlambda/main.go:273.17,275.4 1 0
github.eagleview.com/engineering/symphony-service/lambdas/calloutlambda/main.go:288.18,290.4 1 0
github.eagleview.com/engineering/symphony-service/lambdas/calloutlambda/main.go:291.18,293.4 1 0
github.eagleview.com/engineering/symphony-service/lambdas/calloutlambda/main.go:300.83,303.16 2 0
github.eagleview.com/engineering/symphony-service/lambdas/calloutlambda/main.go:306.2,308.16 2 0
github.eagleview.com/engineering/symphony-service/lambdas/calloutlambda/main.go:311.2,311.12 1 0
github.eagleview.com/engineering/symphony-service/lambdas/calloutlambda/main.go:303.16,305.3 1 0
github.eagleview.com/engineering/symphony-service/lambdas/calloutlambda/main.go:308.16,310.3 1 0
github.eagleview.com/engineering/symphony-service/lambdas/calloutlambda/main.go:314.88,319.16 3 1
github.eagleview.com/engineering/symphony-service/lambdas/calloutlambda/main.go:322.2,324.16 3 1
github.eagleview.com/engineering/symphony-service/lambdas/calloutlambda/main.go:330.2,331.8 2 1
github.eagleview.com/engineering/symphony-service/lambdas/calloutlambda/main.go:336.2,337.9 2 1
github.eagleview.com/engineering/symphony-service/lambdas/calloutlambda/main.go:340.2,342.37 2 1
github.eagleview.com/engineering/symphony-service/lambdas/calloutlambda/main.go:346.2,346.12 1 1
github.eagleview.com/engineering/symphony-service/lambdas/calloutlambda/main.go:319.16,321.3 1 0
github.eagleview.com/engineering/symphony-service/lambdas/calloutlambda/main.go:324.16,326.3 1 0
github.eagleview.com/engineering/symphony-service/lambdas/calloutlambda/main.go:331.8,334.3 2 0
github.eagleview.com/engineering/symphony-service/lambdas/calloutlambda/main.go:337.9,339.3 1 0
github.eagleview.com/engineering/symphony-service/lambdas/calloutlambda/main.go:342.37,344.3 1 0
github.eagleview.com/engineering/symphony-service/lambdas/calloutlambda/main.go:349.79,357.2 2 0
github.eagleview.com/engineering/symphony-service/lambdas/calloutlambda/main.go:359.56,360.68 1 1
github.eagleview.com/engineering/symphony-service/lambdas/calloutlambda/main.go:364.2,366.68 2 1
github.eagleview.com/engineering/symphony-service/lambdas/calloutlambda/main.go:369.2,369.88 1 1
github.eagleview.com/engineering/symphony-service/lambdas/calloutlambda/main.go:372.2,372.12 1 1
github.eagleview.com/engineering/symphony-service/lambdas/calloutlambda/main.go:360.68,362.3 1 1
github.eagleview.com/engineering/symphony-service/lambdas/calloutlambda/main.go:366.68,368.3 1 1
github.eagleview.com/engineering/symphony-service/lambdas/calloutlambda/main.go:369.88,371.3 1 1
github.eagleview.com/engineering/symphony-service/lambdas/calloutlambda/main.go:375.100,379.44 2 1
github.eagleview.com/engineering/symphony-service/lambdas/calloutlambda/main.go:383.2,384.23 2 1
github.eagleview.com/engineering/symphony-service/lambdas/calloutlambda/main.go:388.2,394.32 3 1
github.eagleview.com/engineering/symphony-service/lambdas/calloutlambda/main.go:411.2,411.21 1 0
github.eagleview.com/engineering/symphony-service/lambdas/calloutlambda/main.go:421.2,422.16 2 0
github.eagleview.com/engineering/symphony-service/lambdas/calloutlambda/main.go:427.2,428.25 2 0
github.eagleview.com/engineering/symphony-service/lambdas/calloutlambda/main.go:432.2,438.23 6 0
github.eagleview.com/engineering/symphony-service/lambdas/calloutlambda/main.go:462.2,462.46 1 0
github.eagleview.com/engineering/symphony-service/lambdas/calloutlambda/main.go:467.2,468.16 2 0
github.eagleview.com/engineering/symphony-service/lambdas/calloutlambda/main.go:473.2,473.30 1 0
github.eagleview.com/engineering/symphony-service/lambdas/calloutlambda/main.go:482.2,482.33 1 0
github.eagleview.com/engineering/symphony-service/lambdas/calloutlambda/main.go:504.2,506.38 2 0
github.eagleview.com/engineering/symphony-service/lambdas/calloutlambda/main.go:379.44,381.3 1 1
github.eagleview.com/engineering/symphony-service/lambdas/calloutlambda/main.go:384.23,386.3 1 0
github.eagleview.com/engineering/symphony-service/lambdas/calloutlambda/main.go:394.32,402.17 3 1
github.eagleview.com/engineering/symphony-service/lambdas/calloutlambda/main.go:407.3,408.29 2 1
github.eagleview.com/engineering/symphony-service/lambdas/calloutlambda/main.go:402.17,406.4 3 0
github.eagleview.com/engineering/symphony-service/lambdas/calloutlambda/main.go:411.21,419.3 2 0
github.eagleview.com/engineering/symphony-service/lambdas/calloutlambda/main.go:422.16,425.3 2 0
github.eagleview.com/engineering/symphony-service/lambdas/calloutlambda/main.go:428.25,430.3 1 0
github.eagleview.com/engineering/symphony-service/lambdas/calloutlambda/main.go:439.17,442.27 3 0
github.eagleview.com/engineering/symphony-service/lambdas/calloutlambda/main.go:447.43,451.27 3 0
github.eagleview.com/engineering/symphony-service/lambdas/calloutlambda/main.go:456.10,459.39 3 0
github.eagleview.com/engineering/symphony-service/lambdas/calloutlambda/main.go:442.27,445.4 2 0
github.eagleview.com/engineering/symphony-service/lambdas/calloutlambda/main.go:451.27,454.4 2 0
github.eagleview.com/engineering/symphony-service/lambdas/calloutlambda/main.go:462.46,465.3 2 0
github.eagleview.com/engineering/symphony-service/lambdas/calloutlambda/main.go:468.16,471.3 2 0
github.eagleview.com/engineering/symphony-service/lambdas/calloutlambda/main.go:473.30,475.17 2 0
github.eagleview.com/engineering/symphony-service/lambdas/calloutlambda/main.go:479.3,479.56 1 0
github.eagleview.com/engineering/symphony-service/lambdas/calloutlambda/main.go:475.17,478.4 2 0
github.eagleview.com/engineering/symphony-service/lambdas/calloutlambda/main.go:482.33,484.18 2 0
github.eagleview.com/engineering/symphony-service/lambdas/calloutlambda/main.go:497.3,498.17 2 0
github.eagleview.com/engineering/symphony-service/lambdas/calloutlambda/main.go:484.18,488.18 4 0
github.eagleview.com/engineering/symphony-service/lambdas/calloutlambda/main.go:492.4,492.47 1 0
github.eagleview.com/engineering/symphony-service/lambdas/calloutlambda/main.go:488.18,491.5 2 0
github.eagleview.com/engineering/symphony-service/lambdas/calloutlambda/main.go:492.47,495.5 2 0
github.eagleview.com/engineering/symphony-service/lambdas/calloutlambda/main.go:498.17,501.4 2 0
github.eagleview.com/engineering/symphony-service/lambdas/calloutlambda/main.go:508.87,522.23 6 0
github.eagleview.com/engineering/symphony-service/lambdas/calloutlambda/main.go:526.2,526.21 1 0
github.eagleview.com/engineering/symphony-service/lambdas/calloutlambda/main.go:532.2,533.16 2 0
github.eagleview.com/engineering/symphony-service/lambdas/calloutlambda/main.go:537.2,538.23 2 0
github.eagleview.com/engineering/symphony-service/lambdas/calloutlambda/main.go:522.23,525.3 2 0
github.eagleview.com/engineering/symphony-service/lambdas/calloutlambda/main.go:526.21,528.3 1 0
github.eagleview.com/engineering/symphony-service/lambdas/calloutlambda/main.go:528.8,531.3 2 0
github.eagleview.com/engineering/symphony-service/lambdas/calloutlambda/main.go:533.16,536.3 2 0
github.eagleview.com/engineering/symphony-service/lambdas/calloutlambda/main.go:538.23,542.3 3 0
github.eagleview.com/engineering/symphony-service/lambdas/calloutlambda/main.go:542.8,545.17 3 0
github.eagleview.com/engineering/symphony-service/lambdas/calloutlambda/main.go:548.3,548.23 1 0
github.eagleview.com/engineering/symphony-service/lambdas/calloutlambda/main.go:545.17,547.4 1 0
github.eagleview.com/engineering/symphony-service/lambdas/calloutlambda/main.go:553.13,557.24 4 0
github.eagleview.com/engineering/symphony-service/lambdas/calloutlambda/main.go:572.2,572.29 1 0
github.eagleview.com/engineering/symphony-service/lambdas/calloutlambda/main.go:557.24,561.17 4 0
github.eagleview.com/engineering/symphony-service/lambdas/calloutlambda/main.go:564.3,568.17 5 0
github.eagleview.com/engineering/symphony-service/lambdas/calloutlambda/main.go:561.17,563.4 1 0
github.eagleview.com/engineering/symphony-service/lambdas/calloutlambda/main.go:568.17,570.4 1 0
github.eagleview.com/engineering/symphony-service/lambdas/evmlconverter/main.go:42.88,63.61 8 1
github.eagleview.com/engineering/symphony-service/lambdas/evmlconverter/main.go:68.2,69.16 2 1
github.eagleview.com/engineering/symphony-service/lambdas/evmlconverter/main.go:74.2,79.41 4 1
github.eagleview.com/engineering/symphony-service/lambdas/evmlconverter/main.go:103.2,105.16 3 1
github.eagleview.com/engineering/symphony-service/lambdas/evmlconverter/main.go:109.2,109.68 1 1
github.eagleview.com/engineering/symphony-service/lambdas/evmlconverter/main.go:112.2,112.56 1 1
github.eagleview.com/engineering/symphony-service/lambdas/evmlconverter/main.go:116.2,117.16 2 1
github.eagleview.com/engineering/symphony-service/lambdas/evmlconverter/main.go:122.2,122.62 1 1
github.eagleview.com/engineering/symphony-service/lambdas/evmlconverter/main.go:127.2,131.16 3 1
github.eagleview.com/engineering/symphony-service/lambdas/evmlconverter/main.go:135.2,136.16 2 1
github.eagleview.com/engineering/symphony-service/lambdas/evmlconverter/main.go:141.2,141.119 1 1
github.eagleview.com/engineering/symphony-service/lambdas/evmlconverter/main.go:146.2,147.113 2 1
github.eagleview.com/engineering/symphony-service/lambdas/evmlconverter/main.go:63.61,66.3 2 0
github.eagleview.com/engineering/symphony-service/lambdas/evmlconverter/main.go:69.16,72.3 2 1
github.eagleview.com/engineering/symphony-service/lambdas/evmlconverter/main.go:79.41,81.41 2 1
github.eagleview.com/engineering/symphony-service/lambdas/evmlconverter/main.go:81.41,83.63 2 1
github.eagleview.com/engineering/symphony-service/lambdas/evmlconverter/main.go:83.63,86.5 2 0
github.eagleview.com/engineering/symphony-service/lambdas/evmlconverter/main.go:88.8,89.87 1 1
github.eagleview.com/engineering/symphony-service/lambdas/evmlconverter/main.go:89.87,92.4 2 1
github.eagleview.com/engineering/symphony-service/lambdas/evmlconverter/main.go:92.9,94.56 2 1
github.eagleview.com/engineering/symphony-service/lambdas/evmlconverter/main.go:94.56,95.55 1 1
github.eagleview.com/engineering/symphony-service/lambdas/evmlconverter/main.go:95.55,97.11 2 1
github.eagleview.com/engineering/symphony-service/lambdas/evmlconverter/main.go:105.16,108.3 2 1
github.eagleview.com/engineering/symphony-service/lambdas/evmlconverter/main.go:109.68,111.3 1 0
github.eagleview.com/engineering/symphony-service/lambdas/evmlconverter/main.go:112.56,114.3 1 0
github.eagleview.com/engineering/symphony-service/lambdas/evmlconverter/main.go:117.16,120.3 2 1
github.eagleview.com/engineering/symphony-service/lambdas/evmlconverter/main.go:122.62,125.3 2 1
github.eagleview.com/engineering/symphony-service/lambdas/evmlconverter/main.go:131.16,134.3 2 1
github.eagleview.com/engineering/symphony-service/lambdas/evmlconverter/main.go:136.16,139.3 2 1
github.eagleview.com/engineering/symphony-service/lambdas/evmlconverter/main.go:141.119,144.3 2 0
github.eagleview.com/engineering/symphony-service/lambdas/evmlconverter/main.go:150.153,169.16 5 1
github.eagleview.com/engineering/symphony-service/lambdas/evmlconverter/main.go:172.2,174.16 3 1
github.eagleview.com/engineering/symphony-service/lambdas/evmlconverter/main.go:177.2,178.8 2 1
github.eagleview.com/engineering/symphony-service/lambdas/evmlconverter/main.go:183.2,183.18 1 1
github.eagleview.com/engineering/symphony-service/lambdas/evmlconverter/main.go:169.16,171.3 1 1
github.eagleview.com/engineering/symphony-service/lambdas/evmlconverter/main.go:174.16,176.3 1 0
github.eagleview.com/engineering/symphony-service/lambdas/evmlconverter/main.go:178.8,181.3 2 0
github.eagleview.com/engineering/symphony-service/lambdas/evmlconverter/main.go:186.118,208.16 7 1
github.eagleview.com/engineering/symphony-service/lambdas/evmlconverter/main.go:211.2,213.16 3 1
github.eagleview.com/engineering/symphony-service/lambdas/evmlconverter/main.go:217.2,218.8 2 1
github.eagleview.com/engineering/symphony-service/lambdas/evmlconverter/main.go:223.2,223.18 1 1
github.eagleview.com/engineering/symphony-service/lambdas/evmlconverter/main.go:208.16,210.3 1 0
github.eagleview.com/engineering/symphony-service/lambdas/evmlconverter/main.go:213.16,215.3 1 0
github.eagleview.com/engineering/symphony-service/lambdas/evmlconverter/main.go:218.8,221.3 2 0
github.eagleview.com/engineering/symphony-service/lambdas/evmlconverter/main.go:226.181,231.23 3 1
github.eagleview.com/engineering/symphony-service/lambdas/evmlconverter/main.go:240.2,241.16 2 1
github.eagleview.com/engineering/symphony-service/lambdas/evmlconverter/main.go:244.2,247.16 4 1
github.eagleview.com/engineering/symphony-service/lambdas/evmlconverter/main.go:250.2,250.17 1 1
github.eagleview.com/engineering/symphony-service/lambdas/evmlconverter/main.go:231.23,234.3 2 1
github.eagleview.com/engineering/symphony-service/lambdas/evmlconverter/main.go:234.8,238.3 3 1
github.eagleview.com/engineering/symphony-service/lambdas/evmlconverter/main.go:241.16,243.3 1 0
github.eagleview.com/engineering/symphony-service/lambdas/evmlconverter/main.go:247.16,249.3 1 0
github.eagleview.com/engineering/symphony-service/lambdas/evmlconverter/main.go:253.13,257.2 3 0
